INFO:root:Input: Joining a virtual music jam session with neighbors for musical collaboration, Predicted Personality: extrovert, Confidence: 85.02%
INFO:root:Input: Joining a virtual music jam session with neighbors for musical collaboration, Predicted Personality: extrovert, Confidence: 85.02%
INFO:root:Input: Big fan of cozy nights in with a cup of tea and a good book, Predicted Personality: introvert, Confidence: 95.82%
INFO:root:Input: I get drained by social interaction and need time to recharge on my own., Predicted Personality: introvert, Confidence: 85.25%
INFO:root:Input: I love brainstorming ideas and having deep conversations, Predicted Personality: extrovert, Confidence: 88.32%
INFO:root:Input: Team meetings energize me, brainstorming new ideas is the best
, Predicted Personality: extrovert, Confidence: 99.32%
INFO:root:Input: Logic and problem-solving are my jam., Predicted Personality: extrovert, Confidence: 55.06%
INFO:root:Input: I love being the center of attention and making people laugh, Predicted Personality: extrovert, Confidence: 99.97%
INFO:root:Input: I thrive in social situations and love meeting new people, Predicted Personality: extrovert, Confidence: 100.00%
INFO:root:Input: I'm a deep thinker, and I enjoy exploring complex ideas and theories., Predicted Personality: introvert, Confidence: 99.78%
INFO:root:Input: Spending time with a group of friends brings me a sense of happiness, Predicted Personality: extrovert, Confidence: 94.89%
INFO:root:Input: Joining a virtual music jam session with neighbors for musical collaboration., Predicted Personality: extrovert, Confidence: 85.02%
INFO:root:Input: Participating in a community storytelling night around a bonfire.	, Predicted Personality: extrovert, Confidence: 98.48%
INFO:root:Input: Generally more outgoing
, Predicted Personality: extrovert, Confidence: 83.34%
INFO:root:Input: Tend to think before they speak, Predicted Personality: extrovert, Confidence: 55.06%
INFO:root:Input: Gain energy by spending time alone, Predicted Personality: introvert, Confidence: 81.78%
INFO:root:Input: Generally more reserved
, Predicted Personality: extrovert, Confidence: 55.06%
INFO:root:Input: Enjoy working independently, Predicted Personality: extrovert, Confidence: 55.06%
INFO:root:Input: Enjoy working independently, Predicted Personality: extrovert, Confidence: 55.06%
INFO:root:Input: Enjoy working independently, Predicted Personality: extrovert, Confidence: 53.68%
INFO:root:Input: Enjoy working independently, Predicted Personality: extrovert, Confidence: 53.68%
INFO:root:Input: Supporting organizations dedicated to environmental conservation, Predicted Personality: introvert, Confidence: 77.66%
INFO:root:Input: Creating a nature documentary watch party with friends online, Predicted Personality: extrovert, Confidence: 82.58%
INFO:root:Input: Participating in a virtual yoga class set to nature sounds for a calming experience, Predicted Personality: introvert, Confidence: 79.90%
INFO:root:Input: Participating in a virtual yoga class set to nature sounds for a calming experience, Predicted Personality: introvert, Confidence: 94.72%
INFO:root:Input: Participating in a virtual yoga class set to nature sounds for a calming experience, Predicted Personality: introvert, Confidence: 75.47%
INFO:root:Input: Creating a nature documentary watch party with friends online, Predicted Personality: introvert, Confidence: 89.79%
INFO:root:Input: Creating a nature documentary watch party with friends online, Predicted Personality: extrovert, Confidence: 78.30%
INFO:root:Input: Supporting organizations dedicated to environmental conservation, Predicted Personality: introvert, Confidence: 89.02%
INFO:root:Input: Learning basic cloud identification to appreciate the beauty of the sky., Predicted Personality: introvert, Confidence: 99.31%
INFO:root:Input: Taking a virtual cooking class that focuses on using seasonal, local ingredients
, Predicted Personality: extrovert, Confidence: 88.85%
INFO:root:Input: Researching native plant species to attract local wildlife to your backyard, Predicted Personality: extrovert, Confidence: 80.77%
INFO:root:Input: Building a miniature fairy garden to nurture a love for nature indoors.
, Predicted Personality: extrovert, Confidence: 79.77%
INFO:root:Input: Building a miniature fairy garden to nurture a love for nature indoors.
, Predicted Personality: extrovert, Confidence: 76.28%
INFO:root:Input: Too much socializing drains you, Predicted Personality: extrovert, Confidence: 87.50%
INFO:root:Input: You prefer a close circle of friends, Predicted Personality: extrovert, Confidence: 92.03%
INFO:root:Input: You prefer a close circle of friends, Predicted Personality: introvert, Confidence: 86.98%
INFO:root:Input:  You Enjoy Solitude, Predicted Personality: introvert, Confidence: 74.99%
INFO:root:Input: You Have a Small Group of Close Friends, Predicted Personality: introvert, Confidence: 74.99%
INFO:root:Input: People May Find It Difficult to Get to Know You, Predicted Personality: introvert, Confidence: 74.99%
INFO:root:Input: Too Much Stimulation Leaves You Feeling Distracted, Predicted Personality: introvert, Confidence: 74.99%
INFO:root:Input:  You Are Very Self-Aware, Predicted Personality: introvert, Confidence: 74.99%
INFO:root:Input: You avoid eye contact with most people while talking to them, Predicted Personality: extrovert, Confidence: 78.98%
INFO:root:Input: You avoid eye contact with most people while talking to them, Predicted Personality: introvert, Confidence: 99.22%
INFO:root:Input: You are amazingly talented, but prefer to practice it all alone inside your room. You’re actually afraid of being harshly judged., Predicted Personality: introvert, Confidence: 100.00%
INFO:root:Input: You find solace in spending hours lost in thought, exploring the depths of your imagination, Predicted Personality: introvert, Confidence: 100.00%
INFO:root:Input: You are SUPER crazy about correctness of grammer, Predicted Personality: introvert, Confidence: 99.95%
INFO:root:Input: Turns off Facebook chat, Predicted Personality: introvert, Confidence: 75.00%
INFO:root:Input: Don't get excited about your birthdays. You are going to spend it in your bed anyway, Predicted Personality: introvert, Confidence: 99.31%
INFO:root:Input: Enjoying trying new things, Predicted Personality: extrovert, Confidence: 96.39%
INFO:root:Input: Tending to act first before thinking, Predicted Personality: introvert, Confidence: 90.25%
INFO:root:Input: Tending to act first before thinking, Predicted Personality: introvert, Confidence: 99.59%
INFO:root:Input: Tending to act first before thinking, Predicted Personality: introvert, Confidence: 99.59%
INFO:root:Input: Tending to act first before thinking, Predicted Personality: introvert, Confidence: 99.59%
INFO:root:Input: Thinking out loud
, Predicted Personality: extrovert, Confidence: 50.59%
INFO:root:Input: Thinking out loud
, Predicted Personality: extrovert, Confidence: 50.59%
INFO:root:Input: Enjoying social situations, Predicted Personality: extrovert, Confidence: 98.73%
INFO:root:Input: You tend to daydream more than others. You love the virtual world you have created, Predicted Personality: introvert, Confidence: 99.99%
